{ Using PSTWRITER 17.2.0 d001Apr-10-2017 at 14:13:52 }

#1 WARNING(ORCAP-36006): Part Name "TACTM-67N-F_2_TACT67N_TACTM-67N-F-3" is renamed to "TACTM-67N-F_2_TACT67N_TACTM-67N".
#2 WARNING(ORCAP-36006): Part Name "TACTM-67N-F_2_TACT67N_TACTM-67N-F-4" is renamed to "TACTM-67N-F_2_TACT67N_TACTM-6_1".
#3 WARNING(ORCAP-36042): Pin "+" is renamed to "+#1" as visible power pin of same name already exists in Package Battery_4 , BT1: SCHEMATIC1, Scheme (8.90, 1.00).
#4 WARNING(ORCAP-36042): Pin "+" is renamed to "+#2" as visible power pin of same name already exists in Package Battery_4 , BT1: SCHEMATIC1, Scheme (8.90, 1.00).
#5 WARNING(ORCAP-36006): Part Name "TBA23-12SURKCGKWA_1_TBA23-12SURKCGKWA_TBA23-12SURKCGKWA" is renamed to "TBA23-12SURKCGKWA_1_TBA23-12SUR".
#6 WARNING(ORCAP-36006): Part Name "PC-GK2_1.1/SMD_PCGK21SMD_PC-GK2.1/SMD" is renamed to "PC-GK2_1.1/SMD_PCGK21SMD_PC-GK2".
#7 WARNING(ORCAP-36042): Pin "GND" is renamed to "GND#3" as visible power pin of same name already exists in Package PC-GK2_1.1/SMD , J2: SCHEMATIC1, Scheme (8.40, 4.90).
#8 WARNING(ORCAP-36042): Pin "GND" is renamed to "GND#4" as visible power pin of same name already exists in Package PC-GK2_1.1/SMD , J2: SCHEMATIC1, Scheme (8.40, 4.90).
#9 WARNING(ORCAP-36006): Part Name "LD-BZEN-1205_0_LD-BZEN-1205_LD-BZEN-1205" is renamed to "LD-BZEN-1205_0_LD-BZEN-1205_LD-".
#10 WARNING(ORCAP-36006): Part Name "TACTM-67N-F_2_TACT67N_TACTM-67N-F-1" is renamed to "TACTM-67N-F_2_TACT67N_TACTM-6_2".
#11 WARNING(ORCAP-36006): Part Name "TACTM-67N-F_2_TACT67N_TACTM-67N-F-2" is renamed to "TACTM-67N-F_2_TACT67N_TACTM-6_3".
#12 WARNING(ORCAP-36006): Part Name "HT16K33-28SOP_2_SOP28_HT16K33-28SOP" is renamed to "HT16K33-28SOP_2_SOP28_HT16K33-2".
#13 WARNING(ORCAP-36006): Part Name "ATMEGA8-TQ32_5_TQFP32_ATMEGA8-TQ32" is renamed to "ATMEGA8-TQ32_5_TQFP32_ATMEGA8-T".
#14 WARNING(ORCAP-36042): Pin "GND" is renamed to "GND#3" as visible power pin of same name already exists in Package ATmega8-TQ32_5 , U2: SCHEMATIC1, Scheme (2.40, 4.00).
#15 WARNING(ORCAP-36042): Pin "VCC" is renamed to "VCC#4" as visible power pin of same name already exists in Package ATmega8-TQ32_5 , U2: SCHEMATIC1, Scheme (2.40, 4.00).
#16 WARNING(ORCAP-36042): Pin "VCC" is renamed to "VCC#6" as visible power pin of same name already exists in Package ATmega8-TQ32_5 , U2: SCHEMATIC1, Scheme (2.40, 4.00).
#17 WARNING(ORCAP-36042): Pin "GND" is renamed to "GND#5" as visible power pin of same name already exists in Package ATmega8-TQ32_5 , U2: SCHEMATIC1, Scheme (2.40, 4.00).
#18 WARNING(ORCAP-36006): Part Name "492S/SM_2_SMDHC49S_12.00M-SMDHC49S" is renamed to "492S/SM_2_SMDHC49S_12.00M-SMDHC".
#19 WARNING(ORCAP-36006): Part Name "ABS25-32_0.768KHZ_ABS25KRYSTAL_ABS25-32.768KHZ" is renamed to "ABS25-32_0.768KHZ_ABS25KRYSTAL_".
INFO(ORCAP-36080): Scanning netlist files ...

Loading... C:\USERS\PAVEL PETRÁÈEK\ONEDRIVE\PØEDMÌTY\APE\BINARYCLOCK\PCB\NETLIST/pstchip.dat

Loading... C:\USERS\PAVEL PETRÁÈEK\ONEDRIVE\PØEDMÌTY\APE\BINARYCLOCK\PCB\NETLIST/pstchip.dat

Loading... C:\USERS\PAVEL PETRÁÈEK\ONEDRIVE\PØEDMÌTY\APE\BINARYCLOCK\PCB\NETLIST/pstxprt.dat

Loading... C:\USERS\PAVEL PETRÁÈEK\ONEDRIVE\PØEDMÌTY\APE\BINARYCLOCK\PCB\NETLIST/pstxnet.dat
packaging the design view...